<?xml version="1.0" encoding="UTF-8" ?>
<testsuite tests="5" failures="0" name="xyz.softwaredeveloveper.CustomCache.CacheTest" time="0.001" errors="0" skipped="0">
  <properties>
    <property name="java.runtime.name" value="OpenJDK Runtime Environment"/>
    <property name="sun.boot.library.path" value="/home/d4p50n/.sdkman/candidates/java/8.0.252-zulu/jre/lib/amd64"/>
    <property name="java.vm.version" value="25.252-b14"/>
    <property name="jdk.vendor.version" value="Zulu 8.46.0.19-CA-linux64"/>
    <property name="java.vm.vendor" value="Azul Systems, Inc."/>
    <property name="maven.multiModuleProjectDirectory" value="/home/d4p50n/projects/untitled"/>
    <property name="java.vendor.url" value="http://www.azulsystems.com/"/>
    <property name="path.separator" value=":"/>
    <property name="guice.disable.misplaced.annotation.check" value="true"/>
    <property name="java.vm.name" value="OpenJDK 64-Bit Server VM"/>
    <property name="file.encoding.pkg" value="sun.io"/>
    <property name="user.country" value="US"/>
    <property name="sun.java.launcher" value="SUN_STANDARD"/>
    <property name="sun.os.patch.level" value="unknown"/>
    <property name="java.vm.specification.name" value="Java Virtual Machine Specification"/>
    <property name="user.dir" value="/home/d4p50n/projects/untitled"/>
    <property name="java.runtime.version" value="1.8.0_252-b14"/>
    <property name="java.awt.graphicsenv" value="sun.awt.X11GraphicsEnvironment"/>
    <property name="java.endorsed.dirs" value="/home/d4p50n/.sdkman/candidates/java/8.0.252-zulu/jre/lib/endorsed"/>
    <property name="os.arch" value="amd64"/>
    <property name="java.io.tmpdir" value="/tmp"/>
    <property name="line.separator" value="
"/>
    <property name="java.vm.specification.vendor" value="Oracle Corporation"/>
    <property name="os.name" value="Linux"/>
    <property name="idea.version2020.1" value="true"/>
    <property name="maven.ext.class.path" value="/opt/idea/plugins/maven/lib/maven-event-listener.jar"/>
    <property name="classworlds.conf" value="/opt/idea/plugins/maven/lib/maven3/bin/m2.conf"/>
    <property name="sun.jnu.encoding" value="UTF-8"/>
    <property name="java.library.path" value="/usr/java/packages/lib/amd64:/usr/lib64:/lib64:/lib:/usr/lib"/>
    <property name="maven.conf" value="/opt/idea/plugins/maven/lib/maven3/conf"/>
    <property name="java.specification.name" value="Java Platform API Specification"/>
    <property name="java.class.version" value="52.0"/>
    <property name="sun.management.compiler" value="HotSpot 64-Bit Tiered Compilers"/>
    <property name="os.version" value="5.3.0-46-generic"/>
    <property name="user.home" value="/home/d4p50n"/>
    <property name="user.timezone" value="America/Los_Angeles"/>
    <property name="java.awt.printerjob" value="sun.print.PSPrinterJob"/>
    <property name="java.specification.version" value="1.8"/>
    <property name="file.encoding" value="UTF-8"/>
    <property name="user.name" value="d4p50n"/>
    <property name="java.class.path" value="/opt/idea/plugins/maven/lib/maven3/boot/plexus-classworlds-2.6.0.jar:/opt/idea/lib/idea_rt.jar"/>
    <property name="java.vm.specification.version" value="1.8"/>
    <property name="sun.arch.data.model" value="64"/>
    <property name="java.home" value="/home/d4p50n/.sdkman/candidates/java/8.0.252-zulu/jre"/>
    <property name="sun.java.command" value="org.codehaus.classworlds.Launcher -Didea.version2020.1 install"/>
    <property name="java.specification.vendor" value="Oracle Corporation"/>
    <property name="user.language" value="en"/>
    <property name="awt.toolkit" value="sun.awt.X11.XToolkit"/>
    <property name="java.vm.info" value="mixed mode"/>
    <property name="java.version" value="1.8.0_252"/>
    <property name="java.ext.dirs" value="/home/d4p50n/.sdkman/candidates/java/8.0.252-zulu/jre/lib/ext:/usr/java/packages/lib/ext"/>
    <property name="securerandom.source" value="file:/dev/./urandom"/>
    <property name="sun.boot.class.path" value="/home/d4p50n/.sdkman/candidates/java/8.0.252-zulu/jre/lib/resources.jar:/home/d4p50n/.sdkman/candidates/java/8.0.252-zulu/jre/lib/rt.jar:/home/d4p50n/.sdkman/candidates/java/8.0.252-zulu/jre/lib/sunrsasign.jar:/home/d4p50n/.sdkman/candidates/java/8.0.252-zulu/jre/lib/jsse.jar:/home/d4p50n/.sdkman/candidates/java/8.0.252-zulu/jre/lib/jce.jar:/home/d4p50n/.sdkman/candidates/java/8.0.252-zulu/jre/lib/charsets.jar:/home/d4p50n/.sdkman/candidates/java/8.0.252-zulu/jre/lib/jfr.jar:/home/d4p50n/.sdkman/candidates/java/8.0.252-zulu/jre/classes"/>
    <property name="java.vendor" value="Azul Systems, Inc."/>
    <property name="maven.home" value="/opt/idea/plugins/maven/lib/maven3"/>
    <property name="file.separator" value="/"/>
    <property name="java.vendor.url.bug" value="http://www.azulsystems.com/support/"/>
    <property name="sun.cpu.endian" value="little"/>
    <property name="sun.io.unicode.encoding" value="UnicodeLittle"/>
    <property name="sun.desktop" value="gnome"/>
    <property name="sun.cpu.isalist" value=""/>
  </properties>
  <testcase classname="xyz.softwaredeveloveper.CustomCache.CacheTest" name="testGet" time="0"/>
  <testcase classname="xyz.softwaredeveloveper.CustomCache.CacheTest" name="testPut" time="0"/>
  <testcase classname="xyz.softwaredeveloveper.CustomCache.CacheTest" name="testOptionalGet" time="0"/>
  <testcase classname="xyz.softwaredeveloveper.CustomCache.CacheTest" name="testRemove" time="0"/>
  <testcase classname="xyz.softwaredeveloveper.CustomCache.CacheTest" name="integrationTest" time="0.001"/>
</testsuite>